
---- Votes and Modules ----
default: |NEUTRAL|
onedamage: |default|MASK|
one: |default|MASK|
SHOW -shown(2)
NEUTRAL -shown(0)
oneid: |default|MASK|
MASK -hidden(1)
--------   Rules   --------
hide: |MASK|MASK|default|MASK|MASK|default|default|default|default|
keep-one: |one|one|default|one|one|default|default|default|default|
keep-oned: |onedamage|onedamage|default|onedamage|onedamage|default|default|default|default|
keep: |default|default|MASK|default|default|MASK|MASK|MASK|MASK|
keep-onei: |oneid|oneid|default|oneid|oneid|default|default|default|default|
show: |SHOW|SHOW|default|SHOW|SHOW|default|default|default|default|
----------------------------------------------------
5817 items registered
78 filters loaded
687 items matched in 288 ms
----------------------------------------------------

- appliedenergistics2 :
	+ item.ItemCrystalSeed:                     	keep-one:[0, 600, 1200]
	+ item.ItemEncodedPattern:                  	hide:[]
	+ item.ItemFacade:                          	keep-one:[]
	+ item.ItemMultiPart:                       	hide:[0, 1, 2, 3, 4, 5, 6, 7, 8, 9, 10, 11, 12, 13, 14, 15, 20, 21, 22, 23, 24, 25, 26, 27, 28, 29, 30, 31, 32, 33, 34, 35, 40, 41, 42, 43, 44, 45, 46, 47, 48, 49, 50, 51, 52, 53, 54, 55, 60, 61, 62, 63, 64, 65, 66, 67, 68, 69, 70, 71, 72, 73, 74, 75]
	+ item.ItemPaintBall:                       	keep:[0]
	+ item.ToolChargedStaff:                    	keep:[0]/[, {}]
	+ item.ToolColorApplicator:                 	keep:[0]/[, {}]
	+ item.ToolEntropyManipulator:              	keep:[0]/[, {}]
	+ item.ToolMassCannon:                      	keep:[0]/[, {}]
	+ item.ToolPortableCell:                    	keep:[0]/[, {}]
	+ item.ToolWirelessTerminal:                	keep:[0]/[, {}]
	+ tile.BlockCableBus:                       	hide:[]
	+ tile.BlockMatrixFrame:                    	hide:[]
	+ tile.BlockPaint:                          	hide:[]
- AWWayofTime :
	+ AlchemicalWizardrytile.blockSpellEffect:  	keep:[0]
	+ AlchemicalWizardrytile.blockSpellEnhancement:	keep:[0]
	+ AlchemicalWizardrytile.blockSpellModifier:	keep:[0]
	+ AlchemicalWizardrytile.blockSpellParadigm:	keep:[0]
	+ blockCrystalBelljar:                      	keep-one:[]
	+ blockMimic:                               	hide:[]
	+ blockSchemSaver:                          	hide:[]
	+ bloodLight:                               	hide:[]
	+ bloodMagicBaseAlchemyItems:               	keep:[0]
	+ bloodMagicIncenseItem:                    	keep:[0]
	+ demonicTelepositionFocus:                 	hide:[]
	+ enhancedTelepositionFocus:                	hide:[]
	+ lifeEssence:                              	hide:[]
	+ reinforcedTelepositionFocus:              	hide:[]
	+ spectralContainer:                        	hide:[]
	+ telepositionFocus:                        	hide:[]
- BiblioCraft :
	+ BiblioBorderlessPainting:                 	keep:[0]
	+ BiblioCase:                               	keep:[0]
	+ BiblioClipboard:                          	hide:[]
	+ BiblioClock:                              	keep:[0]
	+ BiblioDesk:                               	keep:[0]
	+ BiblioFancyPainting:                      	keep:[0]
	+ BiblioFancySign:                          	keep:[0]
	+ BiblioFlatPainting:                       	keep:[0]
	+ BiblioIronLamp:                           	keep:[0]
	+ BiblioIronLantern:                        	keep:[0]
	+ BiblioLabel:                              	keep:[0]
	+ BiblioLamp:                               	keep:[0]
	+ BiblioLantern:                            	keep:[0]
	+ BiblioMapFrames:                          	keep:[0]
	+ BiblioMiddlePainting:                     	keep:[0]
	+ BiblioPaneler:                            	keep:[0]
	+ BiblioPotionShelf:                        	keep:[0]
	+ BiblioRack:                               	keep:[0]
	+ BiblioSeats:                              	keep:[0]
	+ BiblioShelf:                              	keep:[0]
	+ BiblioSimplePainting:                     	keep:[0]
	+ BiblioSwordPedestal:                      	keep:[0]
	+ BiblioTable:                              	keep:[0]
	+ Bibliotheca:                              	keep:[0]
	+ BiblioTypewriter:                         	keep:[0]
	+ BiblioWorkbench:                          	keep:[0]
	+ BookcaseFilled:                           	hide:[]
	+ item.AtlasPlate:                          	hide:[]
	+ item.BiblioCreativeLock:                  	hide:[]
	+ item.DeathCompass:                        	hide:[]
	+ item.EnchantedPlate:                      	hide:[]
	+ item.PrintPlate:                          	hide:[]
	+ item.RecipeBook:                          	hide:[]
	+ item.seatBack:                            	keep:[0]
	+ item.seatBack2:                           	keep:[0]
	+ item.seatBack3:                           	keep:[0]
	+ item.seatBack4:                           	keep:[0]
	+ item.seatBack5:                           	keep:[0]
- Botania :
	+ altar:                                    	keep:[0]
	+ ancientWill:                              	hide:[]
	+ biomeStoneA:                              	keep:[0]
	+ biomeStoneA0Slab:                         	keep:[0]
	+ biomeStoneA0SlabFull:                     	keep:[0]	hide:[]
	+ biomeStoneA0Stairs:                       	keep:[0]
	+ biomeStoneA0Wall:                         	keep:[0]
	+ biomeStoneA10Slab:                        	keep:[0]
	+ biomeStoneA10SlabFull:                    	keep:[0]	hide:[]
	+ biomeStoneA10Stairs:                      	keep:[0]
	+ biomeStoneA11Slab:                        	keep:[0]
	+ biomeStoneA11SlabFull:                    	keep:[0]	hide:[]
	+ biomeStoneA11Stairs:                      	keep:[0]
	+ biomeStoneA12Slab:                        	keep:[0]
	+ biomeStoneA12SlabFull:                    	keep:[0]	hide:[]
	+ biomeStoneA12Stairs:                      	keep:[0]
	+ biomeStoneA13Slab:                        	keep:[0]
	+ biomeStoneA13SlabFull:                    	keep:[0]	hide:[]
	+ biomeStoneA13Stairs:                      	keep:[0]
	+ biomeStoneA14Slab:                        	keep:[0]
	+ biomeStoneA14SlabFull:                    	keep:[0]	hide:[]
	+ biomeStoneA14Stairs:                      	keep:[0]
	+ biomeStoneA15Slab:                        	keep:[0]
	+ biomeStoneA15SlabFull:                    	keep:[0]	hide:[]
	+ biomeStoneA15Stairs:                      	keep:[0]
	+ biomeStoneA1Slab:                         	keep:[0]
	+ biomeStoneA1SlabFull:                     	keep:[0]	hide:[]
	+ biomeStoneA1Stairs:                       	keep:[0]
	+ biomeStoneA2Slab:                         	keep:[0]
	+ biomeStoneA2SlabFull:                     	keep:[0]	hide:[]
	+ biomeStoneA2Stairs:                       	keep:[0]
	+ biomeStoneA3Slab:                         	keep:[0]
	+ biomeStoneA3SlabFull:                     	keep:[0]	hide:[]
	+ biomeStoneA3Stairs:                       	keep:[0]
	+ biomeStoneA4Slab:                         	keep:[0]
	+ biomeStoneA4SlabFull:                     	keep:[0]	hide:[]
	+ biomeStoneA4Stairs:                       	keep:[0]
	+ biomeStoneA5Slab:                         	keep:[0]
	+ biomeStoneA5SlabFull:                     	keep:[0]	hide:[]
	+ biomeStoneA5Stairs:                       	keep:[0]
	+ biomeStoneA6Slab:                         	keep:[0]
	+ biomeStoneA6SlabFull:                     	keep:[0]	hide:[]
	+ biomeStoneA6Stairs:                       	keep:[0]
	+ biomeStoneA7Slab:                         	keep:[0]
	+ biomeStoneA7SlabFull:                     	keep:[0]	hide:[]
	+ biomeStoneA7Stairs:                       	keep:[0]
	+ biomeStoneA8Slab:                         	keep:[0]
	+ biomeStoneA8SlabFull:                     	keep:[0]	hide:[]
	+ biomeStoneA8Stairs:                       	keep:[0]
	+ biomeStoneA9Slab:                         	keep:[0]
	+ biomeStoneA9SlabFull:                     	keep:[0]	hide:[]
	+ biomeStoneA9Stairs:                       	keep:[0]
	+ biomeStoneB:                              	keep:[0]
	+ biomeStoneB0Slab:                         	keep:[0]
	+ biomeStoneB0SlabFull:                     	keep:[0]	hide:[]
	+ biomeStoneB0Stairs:                       	keep:[0]
	+ biomeStoneB1Slab:                         	keep:[0]
	+ biomeStoneB1SlabFull:                     	keep:[0]	hide:[]
	+ biomeStoneB1Stairs:                       	keep:[0]
	+ biomeStoneB2Slab:                         	keep:[0]
	+ biomeStoneB2SlabFull:                     	keep:[0]	hide:[]
	+ biomeStoneB2Stairs:                       	keep:[0]
	+ biomeStoneB3Slab:                         	keep:[0]
	+ biomeStoneB3SlabFull:                     	keep:[0]	hide:[]
	+ biomeStoneB3Stairs:                       	keep:[0]
	+ biomeStoneB4Slab:                         	keep:[0]
	+ biomeStoneB4SlabFull:                     	keep:[0]	hide:[]
	+ biomeStoneB4Stairs:                       	keep:[0]
	+ biomeStoneB5Slab:                         	keep:[0]
	+ biomeStoneB5SlabFull:                     	keep:[0]	hide:[]
	+ biomeStoneB5Stairs:                       	keep:[0]
	+ biomeStoneB6Slab:                         	keep:[0]
	+ biomeStoneB6SlabFull:                     	keep:[0]	hide:[]
	+ biomeStoneB6Stairs:                       	keep:[0]
	+ biomeStoneB7Slab:                         	keep:[0]
	+ biomeStoneB7SlabFull:                     	keep:[0]	hide:[]
	+ biomeStoneB7Stairs:                       	keep:[0]
	+ bloodPendant:                             	keep:[0]/[, {}]
	+ brewFlask:                                	hide:[]
	+ brewVial:                                 	hide:[]
	+ buriedPetals:                             	hide:[]
	+ craftPattern:                             	hide:[]
	+ customBrick:                              	keep:[0, 1, 2, 3, 4]
	+ customBrick0SlabFull:                     	hide:[]
	+ customBrick1SlabFull:                     	hide:[]
	+ customBrick2SlabFull:                     	hide:[]
	+ customBrick3SlabFull:                     	hide:[]
	+ dirtPath0SlabFull:                        	hide:[]
	+ doubleFlower1:                            	hide:[]
	+ doubleFlower2:                            	hide:[]
	+ dreamwood0SlabFull:                       	hide:[]
	+ dreamwood1SlabFull:                       	hide:[]
	+ dye:                                      	keep:[0]
	+ endStoneBrick0SlabFull:                   	hide:[]
	+ endStoneBrick2SlabFull:                   	hide:[]
	+ fakeAir:                                  	hide:[]
	+ flightTiara:                              	keep:[0]
	+ floatingSpecialFlower:                    	keep-one:[0]
	+ gaiaHeadBlock:                            	hide:[]
	+ grassSeeds:                               	keep:[0]
	+ incenseStick:                             	keep:[0]/[, {}]
	+ laputaShard:                              	keep:[0]
	+ lens:                                     	keep:[0]
	+ livingrock0SlabFull:                      	hide:[]
	+ livingrock1SlabFull:                      	hide:[]
	+ livingwood0SlabFull:                      	hide:[]
	+ livingwood1SlabFull:                      	hide:[]
	+ manaBeacon:                               	keep:[0]
	+ manaFlame:                                	hide:[]
	+ miniIsland:                               	keep:[0]
	+ mushroom:                                 	hide:[]
	+ pavement:                                 	keep:[0]
	+ pavement0SlabFull:                        	hide:[]
	+ pavement1SlabFull:                        	hide:[]
	+ pavement2SlabFull:                        	hide:[]
	+ pavement3SlabFull:                        	hide:[]
	+ pavement4SlabFull:                        	hide:[]
	+ pavement5SlabFull:                        	hide:[]
	+ petal:                                    	keep:[0]
	+ petalBlock:                               	keep:[0]
	+ prismarine0SlabFull:                      	hide:[]
	+ prismarine1SlabFull:                      	hide:[]
	+ prismarine2SlabFull:                      	hide:[]
	+ quartz:                                   	keep:[0]
	+ quartzTypeBlaze:                          	hide:[]
	+ quartzTypeDark:                           	hide:[]
	+ quartzTypeElf:                            	hide:[]
	+ quartzTypeLavender:                       	hide:[]
	+ quartzTypeMana:                           	hide:[]
	+ quartzTypeRed:                            	hide:[]
	+ quartzTypeSunny:                          	hide:[]
	+ reedBlock0SlabFull:                       	hide:[]
	+ rune:                                     	keep:[0]
	+ shimmerrock0SlabFull:                     	hide:[]
	+ shimmerwoodPlanks0SlabFull:               	hide:[]
	+ shinyFlower:                              	keep:[0]
	+ signalFlare:                              	keep-one:[0]
	+ specialFlower:                            	keep-one:[0]
	+ stone0SlabFull:                           	hide:[]
	+ stone10SlabFull:                          	hide:[]
	+ stone11SlabFull:                          	hide:[]
	+ stone1SlabFull:                           	hide:[]
	+ stone2SlabFull:                           	hide:[]
	+ stone3SlabFull:                           	hide:[]
	+ stone8SlabFull:                           	hide:[]
	+ stone9SlabFull:                           	hide:[]
	+ terraPick:                                	keep-one:[0]
	+ thatch0SlabFull:                          	hide:[]
	+ twigWand:                                 	keep-one:[0]
	+ unstableBlock:                            	keep:[0]
- Botany :
	+ ceramic:                                  	keep-one:[0]
	+ ceramicBrick:                             	keep-one:[0]
	+ clay:                                     	keep-one:[0]
	+ flower:                                   	hide:[]
	+ insulatedTube:                            	keep-one:[0]
	+ pigment:                                  	keep-one:[0]
	+ plant:                                    	hide:[]
	+ pollen:                                   	hide:[]
	+ seed:                                     	hide:[]
	+ stained:                                  	keep-one:[0]
- EnderIO :
	+ blockCapBank:                             	keep-one:[]
	+ blockCloud_seed:                          	hide:[]
	+ blockCloud_seed_concentrated:             	hide:[]
	+ blockConduitBundle:                       	hide:[]
	+ blockDarkSteelAnvil:                      	keep:[0]
	+ blockElectricLight:                       	keep:[0]
	+ blockFire_water:                          	hide:[]
	+ blockFusedQuartz:                         	keep:[0]
	+ blockHootch:                              	hide:[]
	+ blockIngotStorage:                        	hide:[]
	+ blockLightNode:                           	hide:[]
	+ blockLiquid_sunshine:                     	hide:[]
	+ blockNutrient_distillation:               	hide:[]
	+ blockPoweredSpawner:                      	keep-one:[]
	+ blockRocket_fuel:                         	hide:[]
	+ itemBrokenSpawner:                        	hide:[]
	+ itemMagnet:                               	keep:[16]
	+ itemTravelStaff:                          	keep:[16]
- ExtraTrees :
	+ door:                                     	keep:[0]
	+ doubleSlab:                               	keep:[0]
	+ fence:                                    	keep:[0]
	+ gate:                                     	keep:[0]
	+ panel:                                    	keep:[0]
	+ slab:                                     	keep:[0]
	+ stairs:                                   	keep:[0]
- Forestry :
	+ adventurerBag:                            	hide:[]
	+ adventurerBagT2:                          	hide:[]
	+ beeDroneGE:                               	keep-one:[]
	+ beeLarvaeGE:                              	keep-one:[]
	+ beePrincessGE:                            	keep-one:[]
	+ canBiomass:                               	hide:[]
	+ candle:                                   	hide:[]
	+ canEmpty:                                 	hide:[]	show:[0]
	+ canEthanol:                               	hide:[]
	+ canHoney:                                 	hide:[]
	+ canIce:                                   	hide:[]
	+ canJuice:                                 	hide:[]
	+ canLava:                                  	hide:[]
	+ canMead:                                  	hide:[]
	+ canSeedOil:                               	hide:[]
	+ canShortMead:                             	hide:[]
	+ canWater:                                 	hide:[]
	+ caterpillarGE:                            	keep-one:[]
	+ cratedAcaciaSapling:                      	hide:[]
	+ cratedAcaciaWood:                         	hide:[]
	+ cratedApatite:                            	hide:[]
	+ cratedApples:                             	hide:[]
	+ cratedAsh:                                	hide:[]
	+ cratedBeeswax:                            	hide:[]
	+ cratedBirchSapling:                       	hide:[]
	+ cratedBirchWood:                          	hide:[]
	+ cratedBogearth:                           	hide:[]
	+ cratedBrass:                              	hide:[]
	+ cratedBrick:                              	hide:[]
	+ cratedBronze:                             	hide:[]
	+ cratedCacti:                              	hide:[]
	+ cratedCarrots:                            	hide:[]
	+ cratedCharcoal:                           	hide:[]
	+ cratedCherry:                             	hide:[]
	+ cratedChestnut:                           	hide:[]
	+ cratedClay:                               	hide:[]
	+ cratedCoal:                               	hide:[]
	+ cratedCobblestone:                        	hide:[]
	+ cratedCocoaComb:                          	hide:[]
	+ cratedCookies:                            	hide:[]
	+ cratedCopper:                             	hide:[]
	+ cratedCrystallinePollen:                  	hide:[]
	+ cratedDarkOakSapling:                     	hide:[]
	+ cratedDarkOakWood:                        	hide:[]
	+ cratedDates:                              	hide:[]
	+ cratedDirt:                               	hide:[]
	+ cratedDrippingCombs:                      	hide:[]
	+ cratedFertilizer:                         	hide:[]
	+ cratedFrozenCombs:                        	hide:[]
	+ cratedGlowstone:                          	hide:[]
	+ cratedGravel:                             	hide:[]
	+ cratedHoneycombs:                         	hide:[]
	+ cratedHoneydew:                           	hide:[]
	+ cratedHumus:                              	hide:[]
	+ cratedJungleSapling:                      	hide:[]
	+ cratedJungleWood:                         	hide:[]
	+ cratedLapis:                              	hide:[]
	+ cratedLemon:                              	hide:[]
	+ cratedMellowCombs:                        	hide:[]
	+ cratedMossyCombs:                         	hide:[]
	+ cratedMulch:                              	hide:[]
	+ cratedMycelium:                           	hide:[]
	+ cratedMysteriousCombs:                    	hide:[]
	+ cratedNetherbrick:                        	hide:[]
	+ cratedNetherrack:                         	hide:[]
	+ cratedNetherwart:                         	hide:[]
	+ cratedObsidian:                           	hide:[]
	+ cratedPapaya:                             	hide:[]
	+ cratedParchedCombs:                       	hide:[]
	+ cratedPeat:                               	hide:[]
	+ cratedPhosphor:                           	hide:[]
	+ cratedPlum:                               	hide:[]
	+ cratedPodzol:                             	hide:[]
	+ cratedPollen:                             	hide:[]
	+ cratedPotatoes:                           	hide:[]
	+ cratedPowderyCombs:                       	hide:[]
	+ cratedPropolis:                           	hide:[]
	+ cratedRedSand:                            	hide:[]
	+ cratedRedstone:                           	hide:[]
	+ cratedReeds:                              	hide:[]
	+ cratedRefractoryWax:                      	hide:[]
	+ cratedResin:                              	hide:[]
	+ cratedRoyalJelly:                         	hide:[]
	+ cratedRubber:                             	hide:[]
	+ cratedSand:                               	hide:[]
	+ cratedSandstone:                          	hide:[]
	+ cratedSaplings:                           	hide:[]
	+ cratedScrap:                              	hide:[]
	+ cratedSeeds:                              	hide:[]
	+ cratedSilkyCombs:                         	hide:[]
	+ cratedSilver:                             	hide:[]
	+ cratedSimmeringCombs:                     	hide:[]
	+ cratedSoulsand:                           	hide:[]
	+ cratedSpruceSapling:                      	hide:[]
	+ cratedSpruceWood:                         	hide:[]
	+ cratedStone:                              	hide:[]
	+ cratedStringyCombs:                       	hide:[]
	+ cratedTin:                                	hide:[]
	+ cratedWalnut:                             	hide:[]
	+ cratedWheat:                              	hide:[]
	+ cratedWheatenCombs:                       	hide:[]
	+ cratedWood:                               	hide:[]
	+ fences:                                   	keep:[0]
	+ fencesFireproof:                          	keep:[0]
	+ ffarm:                                    	keep-one:[]
	+ leaves:                                   	keep-one:[]
	+ logsFireproof:                            	keep:[0]
	+ planksFireproof:                          	keep:[0]
	+ pollenFertile:                            	keep-one:[]
	+ refractoryBiomass:                        	hide:[]
	+ refractoryEmpty:                          	hide:[]	show:[0]
	+ refractoryEthanol:                        	hide:[]
	+ refractoryHoney:                          	hide:[]
	+ refractoryIce:                            	hide:[]
	+ refractoryJuice:                          	hide:[]
	+ refractoryLava:                           	hide:[]
	+ refractoryMead:                           	hide:[]
	+ refractorySeedOil:                        	hide:[]
	+ refractoryShortMead:                      	hide:[]
	+ refractoryWater:                          	hide:[]
	+ refractoryWax:                            	hide:[]
	+ resources:                                	keep:[0]
	+ sapling:                                  	keep-one:[]
	+ slabs:                                    	keep:[0]
	+ slabsDouble:                              	keep:[0]
	+ slabsDoubleFireproof:                     	keep:[0]
	+ slabsFireproof:                           	keep:[0]
	+ stairs:                                   	keep:[0]
	+ stairsFireproof:                          	keep:[0]
	+ waxCapsule:                               	hide:[]	show:[0]
	+ waxCapsuleBiomass:                        	hide:[]
	+ waxCapsuleEthanol:                        	hide:[]
	+ waxCapsuleHoney:                          	hide:[]
	+ waxCapsuleIce:                            	hide:[]
	+ waxCapsuleJuice:                          	hide:[]
	+ waxCapsuleMead:                           	hide:[]
	+ waxCapsuleSeedOil:                        	hide:[]
	+ waxCapsuleShortMead:                      	hide:[]
	+ waxCapsuleWater:                          	hide:[]
	+ waxCast:                                  	hide:[]
- ForgeMicroblock :
	+ microblock:                               	keep-one:[]
- Genetics :
	+ serum:                                    	keep-one:[]
	+ serumArray:                               	keep-one:[]
- Mekanism :
	+ ArmoredJetpack:                           	keep-one:[0]
	+ AtomicDisassembler:                       	keep-one:[0]
	+ Balloon:                                  	keep:[15]
	+ BasicBlock2:                              	keep-one:[3, 4]
	+ Clump:                                    	hide:[]
	+ Configurator:                             	keep-one:[0]
	+ Crystal:                                  	hide:[]
	+ DirtyDust:                                	hide:[]
	+ ElectricBow:                              	keep-one:[0]
	+ EnergyCube:                               	keep-one:[0]
	+ EnergyTablet:                             	keep-one:[0]
	+ Flamethrower:                             	keep-one:[0]
	+ FreeRunners:                              	keep-one:[0]
	+ GasTank:                                  	hide:[0]/[*gasName*]
	+ GlowPanel:                                	keep:[15]
	+ GlowPlasticBlock:                         	keep:[15]
	+ Jetpack:                                  	keep-one:[0]
	+ MachineBlock:                             	hide:[5, 6, 7]
	+ MachineBlock2:                            	hide:[11]/[*FluidName*]
	+ NetworkReader:                            	keep-one:[0]
	+ PlasticBlock:                             	keep:[15]
	+ PlasticFence:                             	keep:[15]
	+ PortableTeleporter:                       	keep-one:[0]
	+ ReinforcedPlasticBlock:                   	keep:[15]
	+ RoadPlasticBlock:                         	keep:[15]
	+ Robit:                                    	keep-one:[0]
	+ ScubaTank:                                	keep-one:[0]
	+ SeismicReader:                            	keep-one:[0]
	+ Shard:                                    	hide:[]
	+ SlickPlasticBlock:                        	keep:[15]
- MekanismGenerators :
	+ Hohlraum:                                 	keep-one:[0]
- minecraft :
	+ carpet:                                   	keep:[0]
	+ dragon_egg:                               	keep:[0]
	+ fire:                                     	hide:[]
	+ flowing_lava:                             	hide:[]
	+ flowing_water:                            	hide:[]
	+ lava:                                     	hide:[]
	+ mob_spawner:                              	keep:[0]
	+ monster_egg:                              	keep:[0]
	+ spawn_egg:                                	keep:[0]
	+ stained_glass:                            	keep:[0]
	+ stained_glass_pane:                       	keep:[0]
	+ stained_hardened_clay:                    	keep:[0]
	+ water:                                    	hide:[]
	+ wool:                                     	keep:[0]
- OpenBlocks :
	+ crayonGlasses:                            	keep-one:[]
	+ elevator:                                 	keep:[0]
	+ elevator_rotating:                        	keep:[0]
	+ imaginary:                                	keep-one:[0, 1]
	+ paintBrush:                               	keep-one:[]
	+ paintcan:                                 	keep-one:[]
	+ tank:                                     	keep-one:[]
	+ trophy:                                   	keep-one:[]
- TConstruct :
	+ arrowhead:                                	keep:[0]
	+ BattleSignBlock:                          	hide:[]
	+ binding:                                  	keep:[0]
	+ BoltPart:                                 	keep:[0]
	+ Boneana:                                  	hide:[]
	+ BowLimbPart:                              	keep:[0]
	+ broadAxeHead:                             	keep:[0]
	+ buckets:                                  	hide:[]
	+ chiselHead:                               	keep:[0]
	+ CraftingSlab:                             	keep:[0]
	+ creativeModifier:                         	keep-one:[]
	+ crossbar:                                 	keep:[0]
	+ CrossbowBodyPart:                         	keep:[0]
	+ CrossbowLimbPart:                         	keep:[0]
	+ decoration.multibrick:                    	keep:[0]
	+ decoration.multibrickfancy:               	keep:[0]
	+ decoration.multibrickmetal:               	keep:[0]
	+ decoration.stoneladder:                   	keep:[0]
	+ decoration.stonetorch:                    	keep:[0]
	+ excavatorHead:                            	keep:[0]
	+ fluid.molten.lead:                        	hide:[]
	+ fluid.molten.signalum:                    	hide:[]
	+ frypanHead:                               	keep:[0]
	+ fullGuard:                                	keep:[0]
	+ FurnaceSlab:                              	keep:[0]
	+ GlassBlock.StainedClear:                  	keep:[0]
	+ GlassPaneClearStained:                    	keep:[0]
	+ goldHead:                                 	keep:[0]
	+ GravelOre:                                	keep:[0]
	+ hammerHead:                               	keep:[0]
	+ handGuard:                                	keep:[0]
	+ hatchetHead:                              	keep:[0]
	+ heavyPlate:                               	keep:[0]
	+ HeldItemBlock:                            	hide:[]
	+ knifeBlade:                               	keep:[0]
	+ largeSwordBlade:                          	keep:[0]
	+ MetalBlock:                               	keep:[0]
	+ Pattern:                                  	hide:[]
	+ pickaxeHead:                              	keep:[0]
	+ scytheBlade:                              	keep:[0]
	+ SearedBrick:                              	keep:[0]
	+ SearedSlab:                               	keep:[0]
	+ shovelHead:                               	keep:[0]
	+ ShurikenPart:                             	keep:[0]
	+ signHead:                                 	keep:[0]
	+ Smeltery:                                 	keep:[0, 1, 2, 3, 4, 5]
	+ SmelteryNether:                           	keep:[0, 1, 2]
	+ SpeedBlock:                               	keep:[0]
	+ SpeedSlab:                                	keep:[0]
	+ swordBlade:                               	keep:[0]
	+ ToolForgeBlock:                           	keep:[0]
	+ toolRod:                                  	keep:[0]
	+ ToolStationBlock:                         	keep:[0, 1, 5, 10]
	+ toughBinding:                             	keep:[0]
	+ toughRod:                                 	keep:[0]
	+ wideGuard:                                	keep:[0]
	+ woodPattern:                              	hide:[]
	+ WoolSlab1:                                	keep:[0]
	+ WoolSlab2:                                	keep:[0]
- Thaumcraft :
	+ blockArcaneFurnace:                       	hide:[]
	+ blockCandle:                              	keep:[0]
	+ blockHole:                                	hide:[]
	+ blockWarded:                              	hide:[]
	+ blockWoodenDevice:                        	keep-one:[8]
	+ GolemBell:                                	keep:[0]
	+ ItemEssence:                              	keep-one:[0, 1]
	+ ItemGolemCore:                            	keep:[0]
	+ ItemGolemDecoration:                      	keep:[0]
	+ ItemGolemPlacer:                          	keep:[0]
	+ ItemGolemUpgrade:                         	keep:[0]
	+ ItemSpawnerEgg:                           	keep:[0]
	+ ItemWispEssence:                          	keep-one:[0, 1]
- ThaumicTinkerer :
	+ forcefield:                               	hide:[]
	+ gaseousLight:                             	hide:[]
	+ gaseousShadow:                            	hide:[]
	+ mobAspect:                                	keep:[0]
	+ nitorGas:                                 	hide:[]
- ThermalExpansion :
	+ Cache:                                    	keep:[1]
	+ capacitor:                                	keep:[1, 2]	keep-one:[2]
	+ Cell:                                     	hide:[0, 2]	keep-one:[1, 3, 4]
	+ chiller:                                  	keep-one:[0]
	+ florb:                                    	keep-one:[]
	+ Frame:                                    	keep:[0, 4, 11, 12]
	+ igniter:                                  	keep-one:[0]
	+ Light:                                    	keep-one:[]
	+ Plate:                                    	keep:[0, 4, 5, 6]
	+ pump:                                     	keep-one:[0]
	+ Rockwool:                                 	keep:[1]
	+ satchel:                                  	keep:[1]
	+ Strongbox:                                	keep:[1]
	+ Tank:                                     	keep:[1]
	+ Workbench:                                	keep:[1]
- ThermalFoundation :
	+ armor.bootsBronze:                        	hide:[]
	+ armor.bootsCopper:                        	hide:[]
	+ armor.bootsElectrum:                      	hide:[]
	+ armor.bootsInvar:                         	hide:[]
	+ armor.bootsLead:                          	hide:[]
	+ armor.bootsNickel:                        	hide:[]
	+ armor.bootsPlatinum:                      	hide:[]	keep:[0]
	+ armor.bootsSilver:                        	hide:[]
	+ armor.bootsTin:                           	hide:[]
	+ armor.helmetBronze:                       	hide:[]
	+ armor.helmetCopper:                       	hide:[]
	+ armor.helmetElectrum:                     	hide:[]
	+ armor.helmetInvar:                        	hide:[]
	+ armor.helmetLead:                         	hide:[]
	+ armor.helmetNickel:                       	hide:[]
	+ armor.helmetPlatinum:                     	hide:[]	keep:[0]
	+ armor.helmetSilver:                       	hide:[]
	+ armor.helmetTin:                          	hide:[]
	+ armor.legsBronze:                         	hide:[]
	+ armor.legsCopper:                         	hide:[]
	+ armor.legsElectrum:                       	hide:[]
	+ armor.legsInvar:                          	hide:[]
	+ armor.legsLead:                           	hide:[]
	+ armor.legsNickel:                         	hide:[]
	+ armor.legsPlatinum:                       	hide:[]	keep:[0]
	+ armor.legsSilver:                         	hide:[]
	+ armor.legsTin:                            	hide:[]
	+ armor.plateBronze:                        	hide:[]
	+ armor.plateCopper:                        	hide:[]
	+ armor.plateElectrum:                      	hide:[]
	+ armor.plateInvar:                         	hide:[]
	+ armor.plateLead:                          	hide:[]
	+ armor.plateNickel:                        	hide:[]
	+ armor.platePlatinum:                      	hide:[]	keep:[0]
	+ armor.plateSilver:                        	hide:[]
	+ armor.plateTin:                           	hide:[]
	+ FluidAerotheum:                           	hide:[]
	+ FluidCoal:                                	hide:[]
	+ FluidCryotheum:                           	hide:[]
	+ FluidEnder:                               	hide:[]
	+ FluidGlowstone:                           	hide:[]
	+ FluidMana:                                	hide:[]
	+ FluidPetrotheum:                          	hide:[]
	+ FluidPyrotheum:                           	hide:[]
	+ FluidRedstone:                            	hide:[]
	+ FluidSteam:                               	hide:[]
	+ material:                                 	keep:[512, 513, 514, 515]
	+ Storage:                                  	hide:[]
	+ tool.axeBronze:                           	hide:[]
	+ tool.axeCopper:                           	hide:[]
	+ tool.axeElectrum:                         	hide:[]
	+ tool.axeInvar:                            	hide:[]
	+ tool.axeLead:                             	hide:[]
	+ tool.axeNickel:                           	hide:[]
	+ tool.axePlatinum:                         	hide:[]	keep:[0]
	+ tool.axeSilver:                           	hide:[]
	+ tool.axeTin:                              	hide:[]
	+ tool.bowBronze:                           	hide:[]
	+ tool.bowCopper:                           	hide:[]
	+ tool.bowDiamond:                          	hide:[]
	+ tool.bowElectrum:                         	hide:[]
	+ tool.bowGold:                             	hide:[]
	+ tool.bowInvar:                            	hide:[]
	+ tool.bowIron:                             	hide:[]
	+ tool.bowLead:                             	hide:[]
	+ tool.bowNickel:                           	hide:[]
	+ tool.bowPlatinum:                         	hide:[]	keep:[0]
	+ tool.bowSilver:                           	hide:[]
	+ tool.bowStone:                            	hide:[]
	+ tool.bowTin:                              	hide:[]
	+ tool.fishingRodBronze:                    	hide:[]
	+ tool.fishingRodCopper:                    	hide:[]
	+ tool.fishingRodDiamond:                   	hide:[]
	+ tool.fishingRodElectrum:                  	hide:[]
	+ tool.fishingRodGold:                      	hide:[]
	+ tool.fishingRodInvar:                     	hide:[]
	+ tool.fishingRodIron:                      	hide:[]
	+ tool.fishingRodLead:                      	hide:[]
	+ tool.fishingRodNickel:                    	hide:[]
	+ tool.fishingRodPlatinum:                  	hide:[]	keep:[0]
	+ tool.fishingRodSilver:                    	hide:[]
	+ tool.fishingRodStone:                     	hide:[]
	+ tool.fishingRodTin:                       	hide:[]
	+ tool.hoeBronze:                           	hide:[]
	+ tool.hoeCopper:                           	hide:[]
	+ tool.hoeElectrum:                         	hide:[]
	+ tool.hoeInvar:                            	hide:[]
	+ tool.hoeLead:                             	hide:[]
	+ tool.hoeNickel:                           	hide:[]
	+ tool.hoePlatinum:                         	hide:[]	keep:[0]
	+ tool.hoeSilver:                           	hide:[]
	+ tool.hoeTin:                              	hide:[]
	+ tool.pickaxeBronze:                       	hide:[]
	+ tool.pickaxeCopper:                       	hide:[]
	+ tool.pickaxeElectrum:                     	hide:[]
	+ tool.pickaxeInvar:                        	hide:[]
	+ tool.pickaxeLead:                         	hide:[]
	+ tool.pickaxeNickel:                       	hide:[]
	+ tool.pickaxePlatinum:                     	hide:[]	keep:[0]
	+ tool.pickaxeSilver:                       	hide:[]
	+ tool.pickaxeTin:                          	hide:[]
	+ tool.shearsBronze:                        	hide:[]
	+ tool.shearsCopper:                        	hide:[]
	+ tool.shearsDiamond:                       	hide:[]
	+ tool.shearsElectrum:                      	hide:[]
	+ tool.shearsGold:                          	hide:[]
	+ tool.shearsInvar:                         	hide:[]
	+ tool.shearsLead:                          	hide:[]
	+ tool.shearsNickel:                        	hide:[]
	+ tool.shearsPlatinum:                      	hide:[]	keep:[0]
	+ tool.shearsSilver:                        	hide:[]
	+ tool.shearsStone:                         	hide:[]
	+ tool.shearsTin:                           	hide:[]
	+ tool.shearsWood:                          	hide:[]
	+ tool.shovelBronze:                        	hide:[]
	+ tool.shovelCopper:                        	hide:[]
	+ tool.shovelElectrum:                      	hide:[]
	+ tool.shovelInvar:                         	hide:[]
	+ tool.shovelLead:                          	hide:[]
	+ tool.shovelNickel:                        	hide:[]
	+ tool.shovelPlatinum:                      	hide:[]	keep:[0]
	+ tool.shovelSilver:                        	hide:[]
	+ tool.shovelTin:                           	hide:[]
	+ tool.sickleBronze:                        	hide:[]
	+ tool.sickleCopper:                        	hide:[]
	+ tool.sickleDiamond:                       	hide:[]
	+ tool.sickleElectrum:                      	hide:[]
	+ tool.sickleGold:                          	hide:[]
	+ tool.sickleInvar:                         	hide:[]
	+ tool.sickleIron:                          	hide:[]
	+ tool.sickleLead:                          	hide:[]
	+ tool.sickleNickel:                        	hide:[]
	+ tool.sicklePlatinum:                      	hide:[]	keep:[0]
	+ tool.sickleSilver:                        	hide:[]
	+ tool.sickleStone:                         	hide:[]
	+ tool.sickleTin:                           	hide:[]
	+ tool.sickleWood:                          	hide:[]
	+ tool.swordBronze:                         	hide:[]
	+ tool.swordCopper:                         	hide:[]
	+ tool.swordElectrum:                       	hide:[]
	+ tool.swordInvar:                          	hide:[]
	+ tool.swordLead:                           	hide:[]
	+ tool.swordNickel:                         	hide:[]
	+ tool.swordPlatinum:                       	hide:[]	keep:[0]
	+ tool.swordSilver:                         	hide:[]
	+ tool.swordTin:                            	hide:[]